0 info it worked if it ends with ok
1 verbose cli [
1 verbose cli   '/usr/local/lib/node_modules/node/bin/node',
1 verbose cli   '/usr/local/bin/npm',
1 verbose cli   'run',
1 verbose cli   'jest',
1 verbose cli   '--no-cache'
1 verbose cli ]
2 info using npm@6.13.4
3 info using node@v12.13.0
4 verbose stack Error: missing script: jest
4 verbose stack
4 verbose stack Did you mean this?
4 verbose stack     test
4 verbose stack     at run (/usr/local/lib/node_modules/npm/lib/run-script.js:155:19)
4 verbose stack     at /usr/local/lib/node_modules/npm/lib/run-script.js:63:5
4 verbose stack     at /usr/local/lib/node_modules/npm/node_modules/read-package-json/read-json.js:116:5
4 verbose stack     at /usr/local/lib/node_modules/npm/node_modules/read-package-json/read-json.js:436:5
4 verbose stack     at checkBinReferences_ (/usr/local/lib/node_modules/npm/node_modules/read-package-json/read-json.js:391:45)
4 verbose stack     at final (/usr/local/lib/node_modules/npm/node_modules/read-package-json/read-json.js:434:3)
4 verbose stack     at then (/usr/local/lib/node_modules/npm/node_modules/read-package-json/read-json.js:161:5)
4 verbose stack     at /usr/local/lib/node_modules/npm/node_modules/read-package-json/read-json.js:281:12
4 verbose stack     at /usr/local/lib/node_modules/npm/node_modules/graceful-fs/graceful-fs.js:115:16
4 verbose stack     at FSReqCallback.readFileAfterClose [as oncomplete] (internal/fs/read_file_context.js:61:3)
5 verbose cwd /Users/mp/Dropbox/code/githubRepo/codesmith/projects/react-chronoscope
6 verbose Darwin 19.3.0
7 verbose argv "/usr/local/lib/node_modules/node/bin/node" "/usr/local/bin/npm" "run" "jest" "--no-cache"
8 verbose node v12.13.0
9 verbose npm  v6.13.4
10 error missing script: jest
10 error
10 error Did you mean this?
10 error     test
11 verbose exit [ 1, true ]
